<?xml version="1.0" encoding="UTF-8"?>
<!-- Generated by org.testng.reporters.JUnitReportReporter -->
<testsuite skipped="0" hostname="Irfan" name="com.TestRunner.TestRunner" tests="1" failures="0" timestamp="2022-02-22T20:46:39 IST" time="0.257" errors="0">
  <testcase name="feature" time="0.257" classname="com.TestRunner.TestRunner"/>
  <system-out/>
</testsuite> <!-- com.TestRunner.TestRunner -->
